<?xml version="1.0" encoding="UTF-8"?>
<!-- Generated by org.testng.reporters.JUnitReportReporter -->
<testsuite skipped="0" hostname="CHETUIWK1539" name="testcases.HomeTestcase" tests="1" failures="0" timestamp="2022-05-19T23:08:37 IST" time="12.183" errors="0">
  <testcase name="Home" time="12.183" classname="testcases.HomeTestcase"/>
  <system-out/>
</testsuite> <!-- testcases.HomeTestcase -->
